Auria/build/outputs/logs/manifest-merger-debug-report.txt
-- Merging decision tree log ---
manifest
ADDED from iac-android\Auria\AndroidManifest.xml:2:1-44:12
INJECTED from iac-android\Auria\AndroidManifest.xml:2:1-44:12
INJECTED from iac-android\Auria\AndroidManifest.xml:2:1-44:12
INJECTED from iac-android\Auria\AndroidManifest.xml:2:1-44:12
MERGED from [:PXForm] AndroidManifest.xml:2:1-18:12
MERGED from [com.android.support:appcompat-v7:27.0.2] AndroidManifest.xml:17:1-22:12
MERGED from [com.journeyapps:zxing-android-embedded:3.5.0] AndroidManifest.xml:17:1-55:12
MERGED from [com.android.support:support-v4:27.0.2] AndroidManifest.xml:17:1-22:12
MERGED from [com.crashlytics.sdk.android:crashlytics:2.5.2] AndroidManifest.xml:2:1-13:12
MERGED from [info.hoang8f:android-segmented:1.0.6] AndroidManifest.xml:2:1-11:12
MERGED from [com.android.support:support-fragment:27.0.2] AndroidManifest.xml:17:1-22:12
MERGED from [com.android.support:support-core-utils:27.0.2] AndroidManifest.xml:17:1-22:12
MERGED from [com.android.support:animated-vector-drawable:27.0.2] AndroidManifest.xml:17:1-22:12
MERGED from [com.android.support:support-vector-drawable:27.0.2] AndroidManifest.xml:17:1-22:12
MERGED from [com.android.support:support-core-ui:27.0.2] AndroidManifest.xml:17:1-22:12
MERGED from [com.android.support:support-media-compat:27.0.2] AndroidManifest.xml:17:1-22:12
MERGED from [com.android.support:support-compat:27.0.2] AndroidManifest.xml:17:1-22:12
MERGED from [com.crashlytics.sdk.android:crashlytics-core:2.3.5] AndroidManifest.xml:2:1-13:12
MERGED from [com.crashlytics.sdk.android:answers:1.3.2] AndroidManifest.xml:2:1-13:12
MERGED from [io.fabric.sdk.android:fabric:1.3.6] AndroidManifest.xml:18:1-29:12
MERGED from [com.crashlytics.sdk.android:beta:1.1.3] AndroidManifest.xml:2:1-11:12
MERGED from [android.arch.lifecycle:runtime:1.0.3] AndroidManifest.xml:17:1-24:12
INJECTED from iac-android\Auria\AndroidManifest.xml:2:1-44:12
INJECTED from iac-android\Auria\AndroidManifest.xml:2:1-44:12
INJECTED from iac-android\Auria\AndroidManifest.xml:2:1-44:12
	package
		ADDED from iac-android\Auria\AndroidManifest.xml:3:5-37
		INJECTED from iac-android\Auria\AndroidManifest.xml
		INJECTED from iac-android\Auria\AndroidManifest.xml
	android:versionName
		INJECTED from iac-android\Auria\AndroidManifest.xml
		ADDED from iac-android\Auria\AndroidManifest.xml:2:1-44:12
		INJECTED from iac-android\Auria\AndroidManifest.xml
	android:versionCode
		INJECTED from iac-android\Auria\AndroidManifest.xml
		ADDED from iac-android\Auria\AndroidManifest.xml:2:1-44:12
		INJECTED from iac-android\Auria\AndroidManifest.xml
	xmlns:android
		ADDED from iac-android\Auria\AndroidManifest.xml:2:11-69
uses-feature#android.hardware.camera
ADDED from iac-android\Auria\AndroidManifest.xml:5:5-60
MERGED from [com.journeyapps:zxing-android-embedded:3.5.0] AndroidManifest.xml:24:5-26:36
MERGED from [com.journeyapps:zxing-android-embedded:3.5.0] AndroidManifest.xml:24:5-26:36
	android:name
		ADDED from iac-android\Auria\AndroidManifest.xml:5:19-57
uses-permission#android.permission.INTERNET
ADDED from iac-android\Auria\AndroidManifest.xml:7:5-67
MERGED from [com.crashlytics.sdk.android:crashlytics:2.5.2] AndroidManifest.xml:9:5-67
MERGED from [com.crashlytics.sdk.android:crashlytics:2.5.2] AndroidManifest.xml:9:5-67
MERGED from [com.crashlytics.sdk.android:crashlytics-core:2.3.5] AndroidManifest.xml:9:5-67
MERGED from [com.crashlytics.sdk.android:crashlytics-core:2.3.5] AndroidManifest.xml:9:5-67
MERGED from [com.crashlytics.sdk.android:answers:1.3.2] AndroidManifest.xml:9:5-67
MERGED from [com.crashlytics.sdk.android:answers:1.3.2] AndroidManifest.xml:9:5-67
MERGED from [io.fabric.sdk.android:fabric:1.3.6] AndroidManifest.xml:25:5-67
MERGED from [io.fabric.sdk.android:fabric:1.3.6] AndroidManifest.xml:25:5-67
	android:name
		ADDED from iac-android\Auria\AndroidManifest.xml:7:22-64
uses-permission#android.permission.ACCESS_NETWORK_STATE
ADDED from iac-android\Auria\AndroidManifest.xml:8:5-79
	android:name
		ADDED from iac-android\Auria\AndroidManifest.xml:8:22-76
uses-permission#android.permission.WRITE_EXTERNAL_STORAGE
ADDED from iac-android\Auria\AndroidManifest.xml:9:5-81
	android:name
		ADDED from iac-android\Auria\AndroidManifest.xml:9:22-78
uses-permission#android.permission.WAKE_LOCK
ADDED from iac-android\Auria\AndroidManifest.xml:10:5-68
	android:name
		ADDED from iac-android\Auria\AndroidManifest.xml:10:22-65
application
ADDED from iac-android\Auria\AndroidManifest.xml:12:5-43:19
MERGED from [:PXForm] AndroidManifest.xml:11:5-16:19
MERGED from [:PXForm] AndroidManifest.xml:11:5-16:19
MERGED from [com.journeyapps:zxing-android-embedded:3.5.0] AndroidManifest.xml:45:5-53:19
MERGED from [com.journeyapps:zxing-android-embedded:3.5.0] AndroidManifest.xml:45:5-53:19
MERGED from [com.crashlytics.sdk.android:crashlytics:2.5.2] AndroidManifest.xml:11:5-20
MERGED from [com.crashlytics.sdk.android:crashlytics:2.5.2] AndroidManifest.xml:11:5-20
MERGED from [com.crashlytics.sdk.android:crashlytics-core:2.3.5] AndroidManifest.xml:11:5-20
MERGED from [com.crashlytics.sdk.android:crashlytics-core:2.3.5] AndroidManifest.xml:11:5-20
MERGED from [com.crashlytics.sdk.android:answers:1.3.2] AndroidManifest.xml:11:5-20
MERGED from [com.crashlytics.sdk.android:answers:1.3.2] AndroidManifest.xml:11:5-20
MERGED from [io.fabric.sdk.android:fabric:1.3.6] AndroidManifest.xml:27:5-20
MERGED from [io.fabric.sdk.android:fabric:1.3.6] AndroidManifest.xml:27:5-20
MERGED from [com.crashlytics.sdk.android:beta:1.1.3] AndroidManifest.xml:9:5-20
MERGED from [com.crashlytics.sdk.android:beta:1.1.3] AndroidManifest.xml:9:5-20
	android:label
		ADDED from iac-android\Auria\AndroidManifest.xml:14:9-41
	android:allowBackup
		ADDED from [:PXForm] AndroidManifest.xml:12:9-35
	android:icon
		ADDED from iac-android\Auria\AndroidManifest.xml:13:9-45
	android:theme
		ADDED from iac-android\Auria\AndroidManifest.xml:15:9-40
meta-data#com.crashlytics.ApiKey
ADDED from iac-android\Auria\AndroidManifest.xml:17:9-19:72
	android:value
		ADDED from iac-android\Auria\AndroidManifest.xml:19:13-69
	android:name
		ADDED from iac-android\Auria\AndroidManifest.xml:18:13-50
meta-data#CLOUDINARY_URL
ADDED from iac-android\Auria\AndroidManifest.xml:20:9-22:97
	android:value
		ADDED from iac-android\Auria\AndroidManifest.xml:22:13-94
	android:name
		ADDED from iac-android\Auria\AndroidManifest.xml:21:13-42
activity#com.ievolutioned.auria.MainActivity
ADDED from iac-android\Auria\AndroidManifest.xml:24:9-27:47
	android:label
		ADDED from iac-android\Auria\AndroidManifest.xml:26:13-45
	android:theme
		ADDED from iac-android\Auria\AndroidManifest.xml:27:13-44
	android:name
		ADDED from iac-android\Auria\AndroidManifest.xml:25:13-41
activity#com.ievolutioned.auria.LoginActivity
ADDED from iac-android\Auria\AndroidManifest.xml:28:9-37:20
	android:label
		ADDED from iac-android\Auria\AndroidManifest.xml:30:13-45
	android:theme
		ADDED from iac-android\Auria\AndroidManifest.xml:31:13-44
	android:name
		ADDED from iac-android\Auria\AndroidManifest.xml:29:13-42
intent-filter#android.intent.action.MAIN+android.intent.category.LAUNCHER
ADDED from iac-android\Auria\AndroidManifest.xml:32:13-36:29
action#android.intent.action.MAIN
ADDED from iac-android\Auria\AndroidManifest.xml:33:17-69
	android:name
		ADDED from iac-android\Auria\AndroidManifest.xml:33:25-66
category#android.intent.category.LAUNCHER
ADDED from iac-android\Auria\AndroidManifest.xml:35:17-77
	android:name
		ADDED from iac-android\Auria\AndroidManifest.xml:35:27-74
activity#com.ievolutioned.auria.CustomScannerActivity
ADDED from iac-android\Auria\AndroidManifest.xml:38:9-41:47
	android:label
		ADDED from iac-android\Auria\AndroidManifest.xml:40:13-45
	android:theme
		ADDED from iac-android\Auria\AndroidManifest.xml:41:13-44
	android:name
		ADDED from iac-android\Auria\AndroidManifest.xml:39:13-50
uses-sdk
INJECTED from iac-android\Auria\AndroidManifest.xml reason: use-sdk injection requested
INJECTED from iac-android\Auria\AndroidManifest.xml
INJECTED from iac-android\Auria\AndroidManifest.xml
MERGED from [:PXForm] AndroidManifest.xml:7:5-9:41
MERGED from [:PXForm] AndroidManifest.xml:7:5-9:41
MERGED from [com.android.support:appcompat-v7:27.0.2] AndroidManifest.xml:20:5-44
MERGED from [com.android.support:appcompat-v7:27.0.2] AndroidManifest.xml:20:5-44
MERGED from [com.journeyapps:zxing-android-embedded:3.5.0] AndroidManifest.xml:19:5-43
MERGED from [com.journeyapps:zxing-android-embedded:3.5.0] AndroidManifest.xml:19:5-43
MERGED from [com.android.support:support-v4:27.0.2] AndroidManifest.xml:20:5-44
MERGED from [com.android.support:support-v4:27.0.2] AndroidManifest.xml:20:5-44
MERGED from [com.crashlytics.sdk.android:crashlytics:2.5.2] AndroidManifest.xml:7:5-43
MERGED from [com.crashlytics.sdk.android:crashlytics:2.5.2] AndroidManifest.xml:7:5-43
MERGED from [info.hoang8f:android-segmented:1.0.6] AndroidManifest.xml:7:5-9:41
MERGED from [info.hoang8f:android-segmented:1.0.6] AndroidManifest.xml:7:5-9:41
MERGED from [com.android.support:support-fragment:27.0.2] AndroidManifest.xml:20:5-44
MERGED from [com.android.support:support-fragment:27.0.2] AndroidManifest.xml:20:5-44
MERGED from [com.android.support:support-core-utils:27.0.2] AndroidManifest.xml:20:5-44
MERGED from [com.android.support:support-core-utils:27.0.2] AndroidManifest.xml:20:5-44
MERGED from [com.android.support:animated-vector-drawable:27.0.2] AndroidManifest.xml:20:5-44
MERGED from [com.android.support:animated-vector-drawable:27.0.2] AndroidManifest.xml:20:5-44
MERGED from [com.android.support:support-vector-drawable:27.0.2] AndroidManifest.xml:20:5-44
MERGED from [com.android.support:support-vector-drawable:27.0.2] AndroidManifest.xml:20:5-44
MERGED from [com.android.support:support-core-ui:27.0.2] AndroidManifest.xml:20:5-44
MERGED from [com.android.support:support-core-ui:27.0.2] AndroidManifest.xml:20:5-44
MERGED from [com.android.support:support-media-compat:27.0.2] AndroidManifest.xml:20:5-44
MERGED from [com.android.support:support-media-compat:27.0.2] AndroidManifest.xml:20:5-44
MERGED from [com.android.support:support-compat:27.0.2] AndroidManifest.xml:20:5-44
MERGED from [com.android.support:support-compat:27.0.2] AndroidManifest.xml:20:5-44
MERGED from [com.crashlytics.sdk.android:crashlytics-core:2.3.5] AndroidManifest.xml:7:5-43
MERGED from [com.crashlytics.sdk.android:crashlytics-core:2.3.5] AndroidManifest.xml:7:5-43
MERGED from [com.crashlytics.sdk.android:answers:1.3.2] AndroidManifest.xml:7:5-43
MERGED from [com.crashlytics.sdk.android:answers:1.3.2] AndroidManifest.xml:7:5-43
MERGED from [io.fabric.sdk.android:fabric:1.3.6] AndroidManifest.xml:23:5-43
MERGED from [io.fabric.sdk.android:fabric:1.3.6] AndroidManifest.xml:23:5-43
MERGED from [com.crashlytics.sdk.android:beta:1.1.3] AndroidManifest.xml:7:5-43
MERGED from [com.crashlytics.sdk.android:beta:1.1.3] AndroidManifest.xml:7:5-43
MERGED from [android.arch.lifecycle:runtime:1.0.3] AndroidManifest.xml:20:5-22:41
MERGED from [android.arch.lifecycle:runtime:1.0.3] AndroidManifest.xml:20:5-22:41
INJECTED from iac-android\Auria\AndroidManifest.xml
INJECTED from iac-android\Auria\AndroidManifest.xml
	android:targetSdkVersion
		INJECTED from iac-android\Auria\AndroidManifest.xml
		ADDED from iac-android\Auria\AndroidManifest.xml
		INJECTED from iac-android\Auria\AndroidManifest.xml
	android:minSdkVersion
		INJECTED from iac-android\Auria\AndroidManifest.xml
		ADDED from iac-android\Auria\AndroidManifest.xml
		INJECTED from iac-android\Auria\AndroidManifest.xml
uses-permission#android.permission.CAMERA
ADDED from [com.journeyapps:zxing-android-embedded:3.5.0] AndroidManifest.xml:21:5-65
	android:name
		ADDED from [com.journeyapps:zxing-android-embedded:3.5.0] AndroidManifest.xml:21:22-62
uses-feature#android.hardware.camera.front
ADDED from [com.journeyapps:zxing-android-embedded:3.5.0] AndroidManifest.xml:27:5-29:36
	android:required
		ADDED from [com.journeyapps:zxing-android-embedded:3.5.0] AndroidManifest.xml:29:9-33
	android:name
		ADDED from [com.journeyapps:zxing-android-embedded:3.5.0] AndroidManifest.xml:28:9-53
uses-feature#android.hardware.camera.autofocus
ADDED from [com.journeyapps:zxing-android-embedded:3.5.0] AndroidManifest.xml:32:5-34:36
	android:required
		ADDED from [com.journeyapps:zxing-android-embedded:3.5.0] AndroidManifest.xml:34:9-33
	android:name
		ADDED from [com.journeyapps:zxing-android-embedded:3.5.0] AndroidManifest.xml:33:9-57
uses-feature#android.hardware.camera.flash
ADDED from [com.journeyapps:zxing-android-embedded:3.5.0] AndroidManifest.xml:35:5-37:36
	android:required
		ADDED from [com.journeyapps:zxing-android-embedded:3.5.0] AndroidManifest.xml:37:9-33
	android:name
		ADDED from [com.journeyapps:zxing-android-embedded:3.5.0] AndroidManifest.xml:36:9-53
uses-feature#android.hardware.screen.landscape
ADDED from [com.journeyapps:zxing-android-embedded:3.5.0] AndroidManifest.xml:38:5-40:36
	android:required
		ADDED from [com.journeyapps:zxing-android-embedded:3.5.0] AndroidManifest.xml:40:9-33
	android:name
		ADDED from [com.journeyapps:zxing-android-embedded:3.5.0] AndroidManifest.xml:39:9-57
uses-feature#android.hardware.wifi
ADDED from [com.journeyapps:zxing-android-embedded:3.5.0] AndroidManifest.xml:41:5-43:36
	android:required
		ADDED from [com.journeyapps:zxing-android-embedded:3.5.0] AndroidManifest.xml:43:9-33
	android:name
		ADDED from [com.journeyapps:zxing-android-embedded:3.5.0] AndroidManifest.xml:42:9-45
activity#com.journeyapps.barcodescanner.CaptureActivity
ADDED from [com.journeyapps:zxing-android-embedded:3.5.0] AndroidManifest.xml:46:9-52:63
	android:screenOrientation
		ADDED from [com.journeyapps:zxing-android-embedded:3.5.0] AndroidManifest.xml:49:13-56
	android:clearTaskOnLaunch
		ADDED from [com.journeyapps:zxing-android-embedded:3.5.0] AndroidManifest.xml:48:13-45
	android:stateNotNeeded
		ADDED from [com.journeyapps:zxing-android-embedded:3.5.0] AndroidManifest.xml:50:13-42
	android:windowSoftInputMode
		ADDED from [com.journeyapps:zxing-android-embedded:3.5.0] AndroidManifest.xml:52:13-60
	android:theme
		ADDED from [com.journeyapps:zxing-android-embedded:3.5.0] AndroidManifest.xml:51:13-54
	android:name
		ADDED from [com.journeyapps:zxing-android-embedded:3.5.0] AndroidManifest.xml:47:13-74